<?xml version="1.0" encoding="UTF-8"?>
<testng-results skipped="0" failed="0" ignored="0" total="1" passed="1">
  <reporter-output>
  </reporter-output>
  <suite name="Default suite" duration-ms="15386" started-at="2018-04-12T09:19:21Z" finished-at="2018-04-12T09:19:36Z">
    <groups>
    </groups>
    <test name="Default test" duration-ms="15386" started-at="2018-04-12T09:19:21Z" finished-at="2018-04-12T09:19:36Z">
      <class name="com.casestudy.testmeapp.TestMeApp.TestMeApp">
        <test-method status="PASS" signature="beforeTest()[pri:0, instance:com.casestudy.testmeapp.TestMeApp.TestMeApp@10feca44]" name="beforeTest" is-config="true" duration-ms="3376" started-at="2018-04-12T09:19:21Z" finished-at="2018-04-12T09:19:24Z">
          <reporter-output>
          </reporter-output>
        </test-method> <!-- beforeTest -->
        <test-method status="PASS" signature="testMeApp()[pri:0, instance:com.casestudy.testmeapp.TestMeApp.TestMeApp@10feca44]" name="testMeApp" duration-ms="11211" started-at="2018-04-12T09:19:25Z" finished-at="2018-04-12T09:19:36Z">
          <reporter-output>
          </reporter-output>
        </test-method> <!-- testMeApp -->
        <test-method status="PASS" signature="afterTest()[pri:0, instance:com.casestudy.testmeapp.TestMeApp.TestMeApp@10feca44]" name="afterTest" is-config="true" duration-ms="194" started-at="2018-04-12T09:19:36Z" finished-at="2018-04-12T09:19:36Z">
          <reporter-output>
          </reporter-output>
        </test-method> <!-- afterTest -->
      </class> <!-- com.casestudy.testmeapp.TestMeApp.TestMeApp -->
    </test> <!-- Default test -->
  </suite> <!-- Default suite -->
</testng-results>
